2023-06-18T15:19:54.483350+0300 INFO #50	status:	1
2023-06-18T15:19:54.484516+0300 ERROR Connection To Account Error: not enough values to unpack (expected 4, got 2)
2023-06-18T15:19:54.795220+0300 INFO +79262305528.session connected
2023-06-18T15:19:54.960552+0300 INFO 79262305528 вступил в B4iPmV1aEcJmYzIy
2023-06-18T15:21:14.077743+0300 INFO #51	status:	1
2023-06-18T15:21:14.078830+0300 WARNING Connection To Account with proxy Error: not enough values to unpack (expected 4, got 2)
2023-06-18T15:21:14.761542+0300 INFO +79262307523.session connected
2023-06-18T15:21:15.064781+0300 INFO 79262307523 вступил в B4iPmV1aEcJmYzIy
2023-06-18T15:23:09.041684+0300 INFO Get Admins: ['Poet_ep', 'onepantsu', 'nikramiar', 'emandemmms', 'pavlikonthe', 'wertygool', 'Tampabaye', 'bebrus2001', 'He_Doce']
2023-06-18T15:36:50.037298+0300 INFO Get Admins Request: 9
2023-06-18T15:36:50.925831+0300 INFO Get Tasks Request: [[45, 2, 1, '{1: 100}'], [48, 1, 1, '{1: 100}'], [49, 5, 1, '{1: 100}'], [50, 5, 1, '{1: 100}'], [51, 5, 1, '{1: 100}']]
2023-06-18T15:36:50.952524+0300 INFO Count Task_Phone (#45) Request: 1
2023-06-18T15:36:52.585567+0300 INFO Get Tasks Request: [[45, 2, 1, '{1: 100}'], [48, 1, 1, '{1: 100}'], [49, 5, 1, '{1: 100}'], [50, 5, 1, '{1: 100}'], [51, 5, 1, '{1: 100}']]
2023-06-18T15:36:52.617241+0300 INFO Count Task_Phone (#48) Request: 1
2023-06-18T15:36:53.381442+0300 INFO Get Tasks Request: [[45, 2, 1, '{1: 100}'], [48, 1, 1, '{1: 100}'], [49, 5, 1, '{1: 100}'], [50, 5, 1, '{1: 100}'], [51, 5, 1, '{1: 100}']]
2023-06-18T15:36:53.409725+0300 INFO Count Task_Phone (#49) Request: 5
2023-06-18T15:36:54.093558+0300 INFO Get Tasks Request: [[45, 2, 1, '{1: 100}'], [48, 1, 1, '{1: 100}'], [49, 5, 1, '{1: 100}'], [50, 5, 1, '{1: 100}'], [51, 5, 1, '{1: 100}']]
2023-06-18T15:36:54.121671+0300 INFO Count Task_Phone (#50) Request: 4
2023-06-18T15:36:54.724726+0300 INFO Get Tasks Request: [[45, 2, 1, '{1: 100}'], [48, 1, 1, '{1: 100}'], [49, 5, 1, '{1: 100}'], [50, 5, 1, '{1: 100}'], [51, 5, 1, '{1: 100}']]
2023-06-18T15:36:54.749732+0300 INFO Count Task_Phone (#49) Request: 5
2023-06-18T15:36:55.248072+0300 INFO Get Tasks Request: [[45, 2, 1, '{1: 100}'], [48, 1, 1, '{1: 100}'], [49, 5, 1, '{1: 100}'], [50, 5, 1, '{1: 100}'], [51, 5, 1, '{1: 100}']]
2023-06-18T15:36:55.276033+0300 INFO Count Task_Phone (#48) Request: 1
2023-06-18T15:36:59.087735+0300 INFO Get Tasks Request: [[45, 2, 1, '{1: 100}'], [48, 1, 1, '{1: 100}'], [49, 5, 1, '{1: 100}'], [50, 5, 1, '{1: 100}'], [51, 5, 1, '{1: 100}']]
2023-06-18T15:36:59.116548+0300 INFO Count Task_Phone (#45) Request: 1
2023-06-18T15:37:18.576866+0300 INFO Delete Task (#45) Request: {"status":200,"msg":"Deleted data from database Task: id_task=45"}
2023-06-18T15:37:18.603972+0300 INFO Get Tasks Request: [[48, 1, 1, '{1: 100}'], [49, 5, 1, '{1: 100}'], [50, 5, 1, '{1: 100}'], [51, 5, 1, '{1: 100}']]
2023-06-18T15:37:18.629306+0300 INFO Count Task_Phone (#48) Request: 1
2023-06-18T15:37:20.272040+0300 INFO Delete Task (#48) Request: {"status":200,"msg":"Deleted data from database Task: id_task=48"}
2023-06-18T15:37:20.297303+0300 INFO Get Tasks Request: [[49, 5, 1, '{1: 100}'], [50, 5, 1, '{1: 100}'], [51, 5, 1, '{1: 100}']]
2023-06-18T15:37:20.326309+0300 INFO Count Task_Phone (#49) Request: 5
2023-06-18T15:37:25.495588+0300 INFO Delete Task (#49) Request: {"status":200,"msg":"Deleted data from database Task: id_task=49"}
2023-06-18T15:37:25.520395+0300 INFO Get Tasks Request: [[50, 5, 1, '{1: 100}'], [51, 5, 1, '{1: 100}']]
2023-06-18T15:37:25.548842+0300 INFO Count Task_Phone (#50) Request: 4
2023-06-18T15:37:28.906084+0300 INFO Get Tasks Request: [[50, 5, 1, '{1: 100}'], [51, 5, 1, '{1: 100}']]
2023-06-18T15:37:28.941205+0300 INFO Change Task Status (#50 - 0) Request: {"status":200,"msg":"Changed status in database: id_task=50"}
2023-06-18T15:37:28.966272+0300 INFO Get Tasks Request: [[50, 5, 0, '{1: 100}'], [51, 5, 1, '{1: 100}']]
2023-06-18T15:37:28.995364+0300 INFO Count Task_Phone (#50) Request: 4
2023-06-18T15:37:30.230887+0300 INFO Get Tasks Request: [[50, 5, 0, '{1: 100}'], [51, 5, 1, '{1: 100}']]
2023-06-18T15:37:30.263943+0300 INFO Change Task Status (#50 - 1) Request: {"status":200,"msg":"Changed status in database: id_task=50"}
2023-06-18T15:37:30.289633+0300 INFO Get Tasks Request: [[50, 5, 1, '{1: 100}'], [51, 5, 1, '{1: 100}']]
2023-06-18T15:37:30.315625+0300 INFO Count Task_Phone (#50) Request: 4
2023-06-18T15:37:31.292274+0300 INFO Get Tasks Request: [[50, 5, 1, '{1: 100}'], [51, 5, 1, '{1: 100}']]
2023-06-18T15:37:31.321057+0300 INFO Count Task_Phone (#51) Request: 4
2023-06-18T15:37:32.776513+0300 INFO Delete Task (#51) Request: {"status":200,"msg":"Deleted data from database Task: id_task=51"}
2023-06-18T15:37:32.800734+0300 INFO Get Tasks Request: [[50, 5, 1, '{1: 100}']]
2023-06-18T15:37:32.829547+0300 INFO Count Task_Phone (#50) Request: 4
2023-06-18T15:37:34.495120+0300 INFO Delete Task (#50) Request: {"status":200,"msg":"Deleted data from database Task: id_task=50"}
2023-06-18T15:37:34.522866+0300 INFO Get Tasks Request: []
2023-06-18T15:56:11.497019+0300 INFO Get Tasks Request: 0
2023-06-18T15:56:12.191155+0300 INFO Get Admins Request: 9
2023-06-18T15:56:13.779770+0300 INFO Get Admins Request: 9
